<?xml version="1.0" encoding="UTF-8"?>
<!-- Generated by org.testng.reporters.JUnitXMLReporter -->
<testsuite ignored="0" hostname="DESKTOP-ME4AIAH" failures="3" tests="3" name="Test" time="6.419" errors="0" timestamp="08 Mar 2021 05:31:30 GMT">
  <testcase classname="com.qa.tests.WeatherInfoTests" name="getWeatherDetailsWithCorrectCityNameTest" time="3.342">
    <failure type="java.lang.AssertionError" message="expected [13.123 Degree celsius] but found [121 Degree celsius]">
      <![CDATA[java.lang.AssertionError: expected [13.123 Degree celsius] but found [121 Degree celsius]
	at com.qa.tests.WeatherInfoTests.getWeatherDetailsWithCorrectCityNameTest(WeatherInfoTests.java:81)
... Removed 31 stack frames]]>
    </failure>
  </testcase> <!-- getWeatherDetailsWithCorrectCityNameTest -->
  <testcase classname="com.qa.tests.WeatherInfoTests" name="getWeatherDetailsWithCorrectCityNameTest" time="0.97">
    <failure type="java.lang.AssertionError" message="expected [21.18 Degree celsius] but found [196 Degree celsius]">
      <![CDATA[java.lang.AssertionError: expected [21.18 Degree celsius] but found [196 Degree celsius]
	at com.qa.tests.WeatherInfoTests.getWeatherDetailsWithCorrectCityNameTest(WeatherInfoTests.java:81)
... Removed 31 stack frames]]>
    </failure>
  </testcase> <!-- getWeatherDetailsWithCorrectCityNameTest -->
  <testcase classname="com.qa.tests.WeatherInfoTests" name="getWeatherDetailsWithCorrectCityNameTest" time="0.997">
    <failure type="java.lang.AssertionError" message="expected [21.18 Degree celsius] but found [77 Degree celsius]">
      <![CDATA[java.lang.AssertionError: expected [21.18 Degree celsius] but found [77 Degree celsius]
	at com.qa.tests.WeatherInfoTests.getWeatherDetailsWithCorrectCityNameTest(WeatherInfoTests.java:81)
... Removed 31 stack frames]]>
    </failure>
  </testcase> <!-- getWeatherDetailsWithCorrectCityNameTest -->
</testsuite> <!-- Test -->
